# JRE version: OpenJDK Runtime Environment Temurin-17.0.3+7 (17.0.3+7) (build 17.0.3+7)
# Java VM: OpenJDK 64-Bit Server VM Temurin-17.0.3+7 (17.0.3+7, mixed mode, tiered, compressed oops, compressed class ptrs, g1 gc, windows-amd64)
GC Precious Log:
 CPUs: 8 total, 8 available
 Memory: 3531M
 Large Page Support: Disabled
 NUMA Support: Disabled
 Compressed Oops: Enabled (32-bit)
 Heap Region Size: 1M
 Heap Min Capacity: 8M
 Heap Initial Capacity: 56M
 Heap Max Capacity: 884M
 Pre-touch: Disabled
 Parallel Workers: 8
 Concurrent Workers: 2
 Concurrent Refinement Workers: 8
 Periodic GC: Disabled
Heap:
 garbage-first heap   total 45056K, used 31075K [0x00000000c8c00000, 0x0000000100000000)
  region size 1024K, 15 young (15360K), 3 survivors (3072K)
 Metaspace       used 31590K, committed 31872K, reserved 1081344K
  class space    used 3598K, committed 3776K, reserved 1048576K
GC Heap History (6 events):
Event: 1.534 GC heap before
{Heap before GC invocations=0 (full 0):
 garbage-first heap   total 57344K, used 25600K [0x00000000c8c00000, 0x0000000100000000)
  region size 1024K, 23 young (23552K), 0 survivors (0K)
 Metaspace       used 14921K, committed 15168K, reserved 1064960K
  class space    used 1489K, committed 1600K, reserved 1048576K
}
Event: 1.548 GC heap after
{Heap after GC invocations=1 (full 0):
 garbage-first heap   total 57344K, used 10208K [0x00000000c8c00000, 0x0000000100000000)
  region size 1024K, 3 young (3072K), 3 survivors (3072K)
 Metaspace       used 14921K, committed 15168K, reserved 1064960K
  class space    used 1489K, committed 1600K, reserved 1048576K
}
Event: 3.031 GC heap before
{Heap before GC invocations=1 (full 0):
 garbage-first heap   total 57344K, used 26592K [0x00000000c8c00000, 0x0000000100000000)
  region size 1024K, 20 young (20480K), 3 survivors (3072K)
 Metaspace       used 21316K, committed 21504K, reserved 1073152K
  class space    used 2284K, committed 2368K, reserved 1048576K
}
Event: 3.038 GC heap after
{Heap after GC invocations=2 (full 0):
 garbage-first heap   total 57344K, used 12215K [0x00000000c8c00000, 0x0000000100000000)
  region size 1024K, 2 young (2048K), 2 survivors (2048K)
 Metaspace       used 21316K, committed 21504K, reserved 1073152K
  class space    used 2284K, committed 2368K, reserved 1048576K
}
Event: 3.672 GC heap before
{Heap before GC invocations=3 (full 0):
 garbage-first heap   total 45056K, used 32695K [0x00000000c8c00000, 0x0000000100000000)
  region size 1024K, 22 young (22528K), 2 survivors (2048K)
 Metaspace       used 26898K, committed 27136K, reserved 1073152K
  class space    used 3015K, committed 3136K, reserved 1048576K
}
Event: 3.678 GC heap after
{Heap after GC invocations=4 (full 0):
 garbage-first heap   total 45056K, used 14691K [0x00000000c8c00000, 0x0000000100000000)
  region size 1024K, 3 young (3072K), 3 survivors (3072K)
 Metaspace       used 26898K, committed 27136K, reserved 1073152K
  class space    used 3015K, committed 3136K, reserved 1048576K
}

